#AUDIOSCROBBLER/1.1
#TZ/UNKNOWN
#CLIENT/Rockbox sansaclipplus $Revision$
Machine Head	Unto the Locust	Pearls Before the Swine	1	300	L	1438212180
Machine Head	Unto the Locust	Darkness Within	1	300	L	1438211820
Machine Head	Unto the Locust	This Is the End	1	300	L	1438211400
Machine Head	Unto the Locust	Locust	1	300	L	1438210980
Machine Head	Unto the Locust	Be Still and Know	1	300	L	1438210620
Machine Head	Unto the Locust	I Am Hell (Sonata In C#): I. Sangre Sani / II. I Am Hell / III. Ashes To The Sky	1	300	L	1438210140
Machine Head	The Blackening	Hole In The Sky (Black Sabbath Cover)	1	300	L	1438209840
Machine Head	The Blackening	The Possibility Of Life's Destruction (Discharge Cover)	1	300	L	1438209780
Machine Head	The Blackening	My Misery	1	300	L	1438209480
Machine Head	The Blackening	My Misery	1	300	L	1438209480
Machine Head	The Blackening	Seasons Wither	1	300	L	1438209120
Machine Head	The Blackening	Seasons Wither	1	300	L	1438209120
Machine Head	The Blackening	Seasons Wither	1	300	L	1438209120
Machine Head	The Blackening	Negative Creep (Nirvana Cover)	1	300	L	1438208940
Machine Head	The Blackening	Hallowed Be Thy Name (Iron Maiden Cover)	1	300	L	1438208520
Machine Head	The Blackening	Battery (Metallica Cover)	1	300	L	1438202220
Machine Head	The Blackening	A Farewell to Arms	1	300	L	1438201620
Machine Head	The Blackening	Wolves	1	300	L	1438201080
Machine Head	The Blackening	Halo	1	300	L	1438200480
Machine Head	The Blackening	Halo	1	300	L	1438200480
Machine Head	The Blackening	Slanderous	1	300	L	1438200180
Machine Head	The Blackening	Now I Lay Thee Down	1	300	L	1438199880
Machine Head	The Blackening	Aesthetics of Hate	1	300	L	1438199460
Machine Head	The Blackening	Beautiful Mourning	1	300	L	1438198620
Machine Head	The Blackening	Clenching the Fists of Dissent	1	300	L	1438197900
Machine Head	The Blackening	Clenching the Fists of Dissent	1	300	L	1438197900
Machine Head	Through the Ashes of Empires	Imperium	1	300	L	1438197480
Machine Head	Through the Ashes of Empires	All Falls Down	1	300	L	1438197240
Machine Head	Through the Ashes of Empires	Vim	1	300	L	1438196940
Machine Head	Through the Ashes of Empires	Days Turn Blue To Gray	1	300	L	1438196580
Machine Head	Through the Ashes of Empires	In The Presence Of My Enemies	1	300	L	1438196160
Machine Head	Through the Ashes of Empires	Elegy	1	300	L	1438195920
Machine Head	Through the Ashes of Empires	Left Unfinished	1	300	L	1438195560
Machine Head	Through the Ashes of Empires	Descend the Shades of Night	1	300	L	1438195080
Machine Head	Through the Ashes of Empires	Descend the Shades of Night	1	300	L	1438195080
Machine Head	Through the Ashes of Empires	Bite The Bullet	1	300	L	1438194900
Machine Head	Through the Ashes of Empires	Wipe The Tears	1	300	L	1438194660
Machine Head	Through the Ashes of Empires	Seasons Wither	1	300	L	1438194300
Machine Head	Through the Ashes of Empires	Seasons Wither	1	300	L	1438194300
Machine Head	Supercharger	Bulldozer	1	300	L	1438176240
Machine Head	Supercharger	Declaration	1	300	L	1438176180
Machine Head	The Burning Red	The Burning Red	1	300	L	1438175760
Machine Head	The Burning Red	Five	1	300	L	1438175460
Machine Head	The Burning Red	I Defy	1	300	L	1438175220
Machine Head	The Burning Red	Alcoholocaust	1	300	L	1438175040
Machine Head	The Burning Red	House of Suffering	1	300	L	1438174860
Machine Head	The Burning Red	Devil With The King's Card	1	300	L	1438174620
Machine Head	The Burning Red	Devil With The King's Card	1	300	L	1438173720
Machine Head	The Burning Red	Message In A Bottle (The Police Cover)	1	300	L	1438173480
Machine Head	The Burning Red	Message In A Bottle (The Police Cover)	1	300	L	1438173480
Machine Head	The Burning Red	Exhale The Vile	1	300	L	1438173180
Machine Head	The Burning Red	From This Day	1	300	L	1438172940
Machine Head	The Burning Red	Silver	1	300	L	1438172700
Machine Head	The Burning Red	The Blood, The Sweat, The Tears	1	300	L	1438172460
Machine Head	The Burning Red	Nothing Left	1	300	L	1438172220
Machine Head	The Burning Red	Desire To Fire	1	300	L	1438171920
Machine Head	The Burning Red	Enter The Phoenix	1	300	L	1438171920
City and Colour	Bring Me Your Love	Body In A Box	1	300	L	1438159680
City and Colour	Bring Me Your Love	The Death Of Me	1	300	L	1438159500
City and Colour	Bring Me Your Love	The Death Of Me	1	300	L	1438159500
City and Colour	Bring Me Your Love	Confessions	1	300	L	1438159260
City and Colour	Bring Me Your Love	Forgive Me	1	300	L	1438159140
City and Colour	Sometimes	Sometimes (I Wish)	1	300	L	1438158780
City and Colour	Sometimes	Casey's Song	1	300	L	1438158540
City and Colour	Sometimes	Comin' Home	1	300	L	1438158240
City and Colour	Sometimes	Sam Malone	1	300	L	1438157940
City and Colour	Sometimes	Day Old Hate	1	300	L	1438157580
City and Colour	Sometimes	In The Water I Am Beautiful	1	300	L	1438157400
City and Colour	Sometimes	Save Your Scissors	1	300	L	1438157100
City and Colour	Sometimes	Hello, I'm in Delaware	1	300	L	1438156740
City and Colour	Sometimes	Like Knives	1	300	L	1438156500
City and Colour	Sometimes	....Off By Heart	1	300	L	1438156380